Build started 3/22/2012 9:50:35 PM.
     1>Project "C:\SSDProgramming\EvilInteractive\happy-engine\src\HappyTools\HappyCooker\HappyCookerDll\HappyCookerDll.vcxproj" on node 2 (rebuild target(s)).
     1>_PrepareForClean:
         Deleting file "Release\HappyCookerDll.lastbuildstate".
       InitializeBuildStatus:
         Touching "Release\HappyCookerDll.unsuccessfulbuild".
       ClCompile:
         d:\Program Files (x86)\Microsoft Visual Studio 10.0\VC\bin\CL.exe /c /I../../../HappyEngine/code/physics /I../../../HappyEngine/code/template /I../../../HappyEngine/code/tools /I../../../HappyEngine/code/networking /I../../../HappyEngine/code/math /I../../../HappyEngine/code/io /I../../../HappyEngine/code/graphics /I../../../HappyEngine/code/game /I../../../HappyEngine/code/error /I../../../HappyEngine/code/content /I../../../HappyEngine/code/audio /I../../../HappyEngine/code /ID:\Libs\PhysX\SDKs\PxTask\include /ID:\Libs\PhysX\SDKs\PxFoundation /ID:\Libs\PhysX\SDKs\PxFoundation\internal\include /ID:\Libs\PhysX\SDKs\PhysXProfileSDK\sdk\include /ID:\Libs\PhysX\SDKs\PhysXVisualDebuggerSDK\PVDCommLayer\Public /ID:\Libs\PhysX\SDKs\PhysXAPI /ID:\Libs\PhysX\SDKs\RepX\include /ID:\Libs\PhysX\SDKs\PhysXAPI\characterkinematic /ID:\Libs\Boost\boost_1_47_0 /ID:\Libs\SDL_ttf\include /ID:\Libs\SDL\include /ID:\Libs\glew\include /ID:\Libs\DevIL\include /I"D:\Program Files (x86)\OpenAL 1.1 SDK\include" /ID:\Libs\Assimp\include /Zi /nologo /W3 /WX- /O2 /Oi /Oy- /GL /D HAPPYCOOKER_DLL /D _DEBUG /D _HAS_ITERATOR_DEBUGGING=0 /D _SECURE_SCL=0 /D GLEW_STATIC /D GLEW_STATIC /D _UNICODE /D UNICODE /D _MBCS /Gm- /EHsc /MD /GS /Gy /fp:precise /Zc:wchar_t /Zc:forScope /Yc"HappyCookerPCH.h" /Fp"Release\HappyCookerPCH.pch" /Fo"Release\\" /Fd"Release\vc100.pdb" /Gd /TP /analyze- /errorReport:prompt HappyCookerPCH.cpp
         HappyCookerPCH.cpp
         -------------------------------------------
         HappyEngine: Compiling precompiled headers.
         -------------------------------------------
         
         d:\Program Files (x86)\Microsoft Visual Studio 10.0\VC\bin\CL.exe /c /I../../../HappyEngine/code/physics /I../../../HappyEngine/code/template /I../../../HappyEngine/code/tools /I../../../HappyEngine/code/networking /I../../../HappyEngine/code/math /I../../../HappyEngine/code/io /I../../../HappyEngine/code/graphics /I../../../HappyEngine/code/game /I../../../HappyEngine/code/error /I../../../HappyEngine/code/content /I../../../HappyEngine/code/audio /I../../../HappyEngine/code /ID:\Libs\PhysX\SDKs\PxTask\include /ID:\Libs\PhysX\SDKs\PxFoundation /ID:\Libs\PhysX\SDKs\PxFoundation\internal\include /ID:\Libs\PhysX\SDKs\PhysXProfileSDK\sdk\include /ID:\Libs\PhysX\SDKs\PhysXVisualDebuggerSDK\PVDCommLayer\Public /ID:\Libs\PhysX\SDKs\PhysXAPI /ID:\Libs\PhysX\SDKs\RepX\include /ID:\Libs\PhysX\SDKs\PhysXAPI\characterkinematic /ID:\Libs\Boost\boost_1_47_0 /ID:\Libs\SDL_ttf\include /ID:\Libs\SDL\include /ID:\Libs\glew\include /ID:\Libs\DevIL\include /I"D:\Program Files (x86)\OpenAL 1.1 SDK\include" /ID:\Libs\Assimp\include /Zi /nologo /W3 /WX- /O2 /Oi /Oy- /GL /D HAPPYCOOKER_DLL /D _DEBUG /D _HAS_ITERATOR_DEBUGGING=0 /D _SECURE_SCL=0 /D GLEW_STATIC /D GLEW_STATIC /D _UNICODE /D UNICODE /D _MBCS /Gm- /EHsc /MD /GS /Gy /fp:precise /Zc:wchar_t /Zc:forScope /Yu"HappyCookerPCH.h" /Fp"Release\HappyCookerPCH.pch" /Fo"Release\\" /Fd"Release\vc100.pdb" /Gd /TP /analyze- /errorReport:prompt HappyCooker.cpp Main.cpp
         HappyCooker.cpp
         Main.cpp
       Link:
         d:\Program Files (x86)\Microsoft Visual Studio 10.0\VC\bin\link.exe /ERRORREPORT:PROMPT /OUT:"C:\SSDProgramming\EvilInteractive\happy-engine\src\HappyTools\HappyCooker\HappyCookerDll\Release\HappyCookerDll.exe" /NOLOGO /LIBPATH:../../../HappyEngine/bin /LIBPATH:D:\Libs\PhysX\SDKs\lib\win32\Release /LIBPATH:"D:\Program Files (x86)\Mega-Nerd\libsndfile\lib" /LIBPATH:"D:\Libs\Boost\boost_1_47_0\bin.v2\libs\system\build\msvc-10.0\release\link-static\threading-multi" /LIBPATH:"D:\Libs\Boost\boost_1_47_0\bin.v2\libs\thread\build\msvc-10.0\release\link-static\threading-multi" /LIBPATH:"D:\Libs\Boost\boost_1_47_0\bin.v2\libs\date_time\build\msvc-10.0\release\link-static\threading-multi" /LIBPATH:"D:\Libs\Boost\boost_1_47_0\bin.v2\libs\chrono\build\msvc-10.0\release\link-static\threading-multi" /LIBPATH:"D:\Libs\Boost\boost_1_47_0\bin.v2\libs\regex\build\msvc-10.0\release\link-static\threading-multi" /LIBPATH:D:\Libs\SDL\lib /LIBPATH:D:\Libs\DevIL\lib /LIBPATH:D:\Libs\SDL_ttf\lib\x86 /LIBPATH:"D:\Program Files (x86)\OpenAL 1.1 SDK\libs\Win32" /LIBPATH:"D:\Program Files (x86)\Mega-Nerd\libsndfile\lib" /LIBPATH:D:\Libs\glew\lib /LIBPATH:"D:\Libs\Assimp\lib\assimp_release-dll_win32" HappyEngine.lib Foundation.lib PhysX3Common.lib PhysX3CharacterKinematic.lib PhysX3Vehicle.lib PhysX3Cooking_x86.lib PhysX3_x86.lib PhysX3Extensions.lib LowLevel.lib GeomUtils.lib SceneQuery.lib SimulationController.lib PvdRuntime.lib RepX3.lib PxTask.lib PhysX3Gpu_x86.lib "libsndfile-1.lib" "libboost_system-vc100-mt-1_47.lib" "libboost_date_time-vc100-mt-1_47.lib" "libboost_regex-vc100-mt-1_47.lib" "libboost_thread-vc100-mt-1_47.lib" "libboost_chrono-vc100-mt-1_47.lib" SDL.lib SDLmain.lib SDL_ttf.lib glew32s.lib glu32.lib opengl32.lib DevIL.lib ILU.lib "libsndfile-1.lib" OpenAL32.lib assimp.lib kernel32.lib user32.lib gdi32.lib winspool.lib comdlg32.lib advapi32.lib shell32.lib ole32.lib oleaut32.lib uuid.lib odbc32.lib odbccp32.lib /MANIFEST /ManifestFile:"Release\HappyCookerDll.exe.intermediate.manifest" /MANIFESTUAC:"level='asInvoker' uiAccess='false'" /DEBUG /PDB:"C:\SSDProgramming\EvilInteractive\happy-engine\src\HappyTools\HappyCooker\HappyCookerDll\Release\HappyCookerDll.pdb" /OPT:REF /OPT:ICF /LTCG /TLBID:1 /DYNAMICBASE /NXCOMPAT /IMPLIB:"C:\SSDProgramming\EvilInteractive\happy-engine\src\HappyTools\HappyCooker\HappyCookerDll\Release\HappyCookerDll.lib" /MACHINE:X86 Release\HappyCooker.obj
         Release\HappyCookerPCH.obj
         Release\Main.obj
     1>LINK : fatal error LNK1104: cannot open file 'libboost_thread-vc100-mt-gd-1_47.lib'
     1>Done Building Project "C:\SSDProgramming\EvilInteractive\happy-engine\src\HappyTools\HappyCooker\HappyCookerDll\HappyCookerDll.vcxproj" (rebuild target(s)) -- FAILED.

Build FAILED.

Time Elapsed 00:00:05.43
