Build started 3/22/2012 9:51:35 PM.
     1>Project "C:\SSDProgramming\EvilInteractive\happy-engine\src\HappyTools\HappyCooker\HappyCookerDll\HappyCookerDll.vcxproj" on node 2 (build target(s)).
     1>InitializeBuildStatus:
         Touching "Debug\HappyCookerDll.unsuccessfulbuild".
       ClCompile:
         All outputs are up-to-date.
         All outputs are up-to-date.
       Link:
         d:\Program Files (x86)\Microsoft Visual Studio 10.0\VC\bin\link.exe /ERRORREPORT:PROMPT /OUT:"C:\SSDProgramming\EvilInteractive\happy-engine\src\HappyTools\HappyCooker\HappyCookerDll\bin\HappyCookerDll.dll" /NOLOGO /LIBPATH:../../../HappyEngine/bin /LIBPATH:D:\Libs\PhysX\SDKs\lib\win32\Debug /LIBPATH:"D:\Program Files (x86)\Mega-Nerd\libsndfile\lib" /LIBPATH:"D:\Libs\Boost\boost_1_47_0\bin.v2\libs\chrono\build\msvc-10.0\debug\link-static\threading-multi" /LIBPATH:"D:\Libs\Boost\boost_1_47_0\bin.v2\libs\system\build\msvc-10.0\debug\link-static\threading-multi" /LIBPATH:"D:\Libs\Boost\boost_1_47_0\bin.v2\libs\thread\build\msvc-10.0\debug\link-static\threading-multi" /LIBPATH:"D:\Libs\Boost\boost_1_47_0\bin.v2\libs\date_time\build\msvc-10.0\debug\link-static\threading-multi" /LIBPATH:"D:\Libs\Boost\boost_1_47_0\bin.v2\libs\regex\build\msvc-10.0\debug\link-static\threading-multi" /LIBPATH:D:\Libs\SDL\lib /LIBPATH:D:\Libs\DevIL\lib /LIBPATH:D:\Libs\SDL_ttf\lib\x86 /LIBPATH:"D:\Program Files (x86)\OpenAL 1.1 SDK\libs\Win32" /LIBPATH:"D:\Program Files (x86)\Mega-Nerd\libsndfile\lib" /LIBPATH:D:\Libs\glew\lib /LIBPATH:"D:\Libs\Assimp\lib\assimp_release-dll_win32" HappyEngine.lib Foundation.lib PhysX3Common.lib PhysX3CharacterKinematic.lib PhysX3Vehicle.lib PhysX3Cooking_x86.lib PhysX3_x86.lib PhysX3Extensions.lib LowLevel.lib GeomUtils.lib SceneQuery.lib SimulationController.lib PvdRuntime.lib RepX3.lib PxTask.lib PhysX3Gpu_x86.lib "libsndfile-1.lib" "libboost_system-vc100-mt-gd-1_47.lib" "libboost_date_time-vc100-mt-gd-1_47.lib" "libboost_regex-vc100-mt-gd-1_47.lib" "libboost_thread-vc100-mt-gd-1_47.lib" "libboost_chrono-vc100-mt-gd-1_47.lib" SDL.lib SDLmain.lib SDL_ttf.lib glew32s.lib glu32.lib opengl32.lib DevIL.lib ILU.lib "libsndfile-1.lib" OpenAL32.lib assimp.lib kernel32.lib user32.lib gdi32.lib winspool.lib comdlg32.lib advapi32.lib shell32.lib ole32.lib oleaut32.lib uuid.lib odbc32.lib odbccp32.lib /NODEFAULTLIB:LIBCMT /MANIFEST /ManifestFile:"Debug\HappyCookerDll.dll.intermediate.manifest" /MANIFESTUAC:"level='asInvoker' uiAccess='false'" /DEBUG /PDB:"C:\SSDProgramming\EvilInteractive\happy-engine\src\HappyTools\HappyCooker\HappyCookerDll\bin\HappyCookerDll.pdb" /TLBID:1 /DYNAMICBASE /NXCOMPAT /IMPLIB:"C:\SSDProgramming\EvilInteractive\happy-engine\src\HappyTools\HappyCooker\HappyCookerDll\bin\HappyCookerDll.lib" /MACHINE:X86 /DLL Debug\HappyCooker.obj
         Debug\HappyCookerPCH.obj
         Debug\Main.obj
            Creating library C:\SSDProgramming\EvilInteractive\happy-engine\src\HappyTools\HappyCooker\HappyCookerDll\bin\HappyCookerDll.lib and object C:\SSDProgramming\EvilInteractive\happy-engine\src\HappyTools\HappyCooker\HappyCookerDll\bin\HappyCookerDll.exp
     1>LINK : warning LNK4098: defaultlib 'LIBCMTD' conflicts with use of other libs; use /NODEFAULTLIB:library
         HappyCookerDll.vcxproj -> C:\SSDProgramming\EvilInteractive\happy-engine\src\HappyTools\HappyCooker\HappyCookerDll\bin\HappyCookerDll.dll
       Manifest:
         C:\Program Files (x86)\Microsoft SDKs\Windows\v7.0A\bin\mt.exe /nologo /verbose /outputresource:"C:\SSDProgramming\EvilInteractive\happy-engine\src\HappyTools\HappyCooker\HappyCookerDll\bin\HappyCookerDll.dll;#2" /manifest Debug\HappyCookerDll.dll.intermediate.manifest
       PostBuildEvent:
         copy "C:\SSDProgramming\EvilInteractive\happy-engine\src\HappyTools\HappyCooker\HappyCookerDll\bin\HappyCookerDll.dll" "..\..\HappyCooker\HappyCookerGUIv2\HappyCookerGUIv2\bin\Debug\HappyCookerDll.dll"
         copy "C:\SSDProgramming\EvilInteractive\happy-engine\src\HappyTools\HappyCooker\HappyCookerDll\bin\HappyCookerDll.dll" "..\..\HappyCooker\HappyCookerGUIv2\HappyCookerGUIv2\bin\Release\HappyCookerDll.dll"
         :VCEnd
                 1 file(s) copied.
                 1 file(s) copied.
       FinalizeBuildStatus:
         Deleting file "Debug\HappyCookerDll.unsuccessfulbuild".
         Touching "Debug\HappyCookerDll.lastbuildstate".
     1>Done Building Project "C:\SSDProgramming\EvilInteractive\happy-engine\src\HappyTools\HappyCooker\HappyCookerDll\HappyCookerDll.vcxproj" (build target(s)).

Build succeeded.

Time Elapsed 00:00:01.35
